<?xml version="1.0" encoding="UTF-8"?>
<!-- Generated by org.testng.reporters.JUnitReportReporter -->
<testsuite hostname="As-MacBook-Pro.local" failures="0" tests="6" name="CalculatorTest" time="0.015" errors="0" timestamp="2022-09-29T12:04:20 IST" skipped="0">
  <testcase classname="CalculatorTest" name="testMultiplicationOfTwoNumbers" time="0.009"/>
  <system-out/>
  <testcase classname="CalculatorTest" name="testAdditionOfTwoNumbers" time="0.000"/>
  <system-out/>
  <testcase classname="CalculatorTest" name="testSubtractionOfTwoNumbers" time="0.001"/>
  <system-out/>
  <testcase classname="CalculatorTest" name="testAdditionOfTwoNumbers" time="0.001"/>
  <system-out/>
  <testcase classname="CalculatorTest" name="testDivisionOfTwoNumbers" time="0.001"/>
  <system-out/>
  <testcase classname="CalculatorTest" name="testAdditionOfTwoNumbers" time="0.003"/>
  <system-out/>
</testsuite> <!-- CalculatorTest -->
