<?xml version="1.0" encoding="UTF-8"?>
<testsuite name="CalculatorTest" tests="6" skipped="0" failures="0" errors="0" timestamp="2022-09-29T07:18:08" hostname="As-MacBook-Pro.local" time="0.015">
  <properties/>
  <testcase name="testAdditionOfTwoNumbers[0](1, 2, 3)" classname="CalculatorTest" time="0.003"/>
  <testcase name="testAdditionOfTwoNumbers[1](2, 3, 5)" classname="CalculatorTest" time="0.0"/>
  <testcase name="testAdditionOfTwoNumbers[2](4, 5, 9)" classname="CalculatorTest" time="0.0"/>
  <testcase name="testDivisionOfTwoNumbers" classname="CalculatorTest" time="0.0"/>
  <testcase name="testMultiplicationOfTwoNumbers" classname="CalculatorTest" time="0.0"/>
  <testcase name="testSubtractionOfTwoNumbers" classname="CalculatorTest" time="0.001"/>
  <system-out><![CDATA[]]></system-out>
  <system-err><![CDATA[]]></system-err>
</testsuite>
